<?xml version="1.0" encoding="UTF-8"?>
<!-- Generated by org.testng.reporters.JUnitReportReporter -->
<testsuite hostname="adhir" failures="0" tests="2" name="testscript.TC01_homepagefunction" time="7.623" errors="0" timestamp="19 Jun 2019 08:28:37 GMT" skipped="0">
  <testcase classname="testscript.TC01_homepagefunction" name="loginwithvalidcredential" time="7.614"/>
  <testcase classname="testscript.TC01_homepagefunction" name="create_Opportunity" time="0.009"/>
</testsuite> <!-- testscript.TC01_homepagefunction -->
