<?xml version="1.0" encoding="UTF-8"?>
<!-- Generated by org.testng.reporters.JUnitReportReporter -->
<testsuite hostname="adhir" failures="0" tests="2" name="testscript.TC01_homepagefunction" time="6.217" errors="0" timestamp="25 Jun 2019 13:56:35 GMT" skipped="0">
  <testcase classname="testscript.TC01_homepagefunction" name="loginwithvalidcredential" time="0.000"/>
  <testcase classname="testscript.TC01_homepagefunction" name="create_Opportunity" time="6.217"/>
</testsuite> <!-- testscript.TC01_homepagefunction -->
