<?xml version="1.0" encoding="UTF-8"?>
<!-- Generated by org.testng.reporters.JUnitReportReporter -->
<testsuite hostname="adhir" failures="0" tests="1" name="testscript.Level1" time="10.312" errors="0" timestamp="25 Jun 2019 21:31:24 GMT" skipped="0">
  <testcase classname="testscript.Level1" name="formfill" time="10.312"/>
</testsuite> <!-- testscript.Level1 -->
